{"C:\\Users\\z270\\ZephyrApp\\src\\components\\SearchInput\\SearchInput.jsx": {"path":"C:\\Users\\z270\\ZephyrApp\\src\\components\\SearchInput\\SearchInput.jsx","statementMap":{"0":{"start":{"line":5,"column":2},"end":{"line":15,"column":4}},"1":{"start":{"line":11,"column":25},"end":{"line":11,"column":48}}},"fnMap":{"0":{"name":"SearchInput","decl":{"start":{"line":4,"column":9},"end":{"line":4,"column":20}},"loc":{"start":{"line":4,"column":50},"end":{"line":16,"column":1}},"line":4},"1":{"name":"(anonymous_1)","decl":{"start":{"line":11,"column":18},"end":{"line":11,"column":19}},"loc":{"start":{"line":11,"column":25},"end":{"line":11,"column":48}},"line":11}},"branchMap":{},"s":{"0":3,"1":1},"f":{"0":3,"1":1},"b":{},"_coverageSchema":"1a1c01bbd47fc00a2c39e90264f33305004495a9","hash":"22f6ce48360ec0fe281e475cade2d1ffbc9dc7ce"}
,"C:\\Users\\z270\\ZephyrApp\\src\\components\\WeatherCard\\WeatherCard.jsx": {"path":"C:\\Users\\z270\\ZephyrApp\\src\\components\\WeatherCard\\WeatherCard.jsx","statementMap":{"0":{"start":{"line":5,"column":2},"end":{"line":7,"column":3}},"1":{"start":{"line":6,"column":4},"end":{"line":6,"column":44}},"2":{"start":{"line":9,"column":15},"end":{"line":9,"column":42}},"3":{"start":{"line":10,"column":19},"end":{"line":10,"column":50}},"4":{"start":{"line":11,"column":20},"end":{"line":11,"column":86}},"5":{"start":{"line":12,"column":22},"end":{"line":12,"column":88}},"6":{"start":{"line":14,"column":2},"end":{"line":22,"column":4}}},"fnMap":{"0":{"name":"WeatherCard","decl":{"start":{"line":4,"column":9},"end":{"line":4,"column":20}},"loc":{"start":{"line":4,"column":34},"end":{"line":23,"column":1}},"line":4}},"branchMap":{"0":{"loc":{"start":{"line":5,"column":2},"end":{"line":7,"column":3}},"type":"if","locations":[{"start":{"line":5,"column":2},"end":{"line":7,"column":3}},{"start":{},"end":{}}],"line":5},"1":{"loc":{"start":{"line":9,"column":15},"end":{"line":9,"column":42}},"type":"binary-expr","locations":[{"start":{"line":9,"column":15},"end":{"line":9,"column":33}},{"start":{"line":9,"column":37},"end":{"line":9,"column":42}}],"line":9},"2":{"loc":{"start":{"line":10,"column":19},"end":{"line":10,"column":50}},"type":"binary-expr","locations":[{"start":{"line":10,"column":19},"end":{"line":10,"column":41}},{"start":{"line":10,"column":45},"end":{"line":10,"column":50}}],"line":10},"3":{"loc":{"start":{"line":11,"column":20},"end":{"line":11,"column":86}},"type":"cond-expr","locations":[{"start":{"line":11,"column":42},"end":{"line":11,"column":78}},{"start":{"line":11,"column":81},"end":{"line":11,"column":86}}],"line":11},"4":{"loc":{"start":{"line":12,"column":22},"end":{"line":12,"column":88}},"type":"binary-expr","locations":[{"start":{"line":12,"column":22},"end":{"line":12,"column":55}},{"start":{"line":12,"column":59},"end":{"line":12,"column":88}}],"line":12}},"s":{"0":3,"1":1,"2":2,"3":2,"4":2,"5":2,"6":2},"f":{"0":3},"b":{"0":[1,2],"1":[2,0],"2":[2,1],"3":[1,1],"4":[2,0]},"_coverageSchema":"1a1c01bbd47fc00a2c39e90264f33305004495a9","hash":"3188b88bf1470cd9146815b5e9c22a3ba28bd7de"}
,"C:\\Users\\z270\\ZephyrApp\\src\\context\\AuthContext.jsx": {"path":"C:\\Users\\z270\\ZephyrApp\\src\\context\\AuthContext.jsx","statementMap":{"0":{"start":{"line":4,"column":27},"end":{"line":4,"column":42}},"1":{"start":{"line":6,"column":28},"end":{"line":17,"column":1}},"2":{"start":{"line":7,"column":26},"end":{"line":7,"column":40}},"3":{"start":{"line":9,"column":16},"end":{"line":9,"column":47}},"4":{"start":{"line":9,"column":30},"end":{"line":9,"column":47}},"5":{"start":{"line":10,"column":17},"end":{"line":10,"column":36}},"6":{"start":{"line":10,"column":23},"end":{"line":10,"column":36}},"7":{"start":{"line":12,"column":2},"end":{"line":16,"column":4}},"8":{"start":{"line":20,"column":23},"end":{"line":26,"column":1}},"9":{"start":{"line":21,"column":18},"end":{"line":21,"column":41}},"10":{"start":{"line":22,"column":2},"end":{"line":24,"column":3}},"11":{"start":{"line":23,"column":4},"end":{"line":23,"column":67}},"12":{"start":{"line":25,"column":2},"end":{"line":25,"column":17}}},"fnMap":{"0":{"name":"(anonymous_0)","decl":{"start":{"line":6,"column":28},"end":{"line":6,"column":29}},"loc":{"start":{"line":6,"column":46},"end":{"line":17,"column":1}},"line":6},"1":{"name":"(anonymous_1)","decl":{"start":{"line":9,"column":16},"end":{"line":9,"column":17}},"loc":{"start":{"line":9,"column":30},"end":{"line":9,"column":47}},"line":9},"2":{"name":"(anonymous_2)","decl":{"start":{"line":10,"column":17},"end":{"line":10,"column":18}},"loc":{"start":{"line":10,"column":23},"end":{"line":10,"column":36}},"line":10},"3":{"name":"(anonymous_3)","decl":{"start":{"line":20,"column":23},"end":{"line":20,"column":24}},"loc":{"start":{"line":20,"column":29},"end":{"line":26,"column":1}},"line":20}},"branchMap":{"0":{"loc":{"start":{"line":22,"column":2},"end":{"line":24,"column":3}},"type":"if","locations":[{"start":{"line":22,"column":2},"end":{"line":24,"column":3}},{"start":{},"end":{}}],"line":22}},"s":{"0":3,"1":3,"2":6,"3":6,"4":2,"5":6,"6":1,"7":6,"8":3,"9":10,"10":9,"11":4,"12":5},"f":{"0":6,"1":2,"2":1,"3":10},"b":{"0":[4,5]},"_coverageSchema":"1a1c01bbd47fc00a2c39e90264f33305004495a9","hash":"c5b5db9c076d13d28186e6307da69df49ed42b7c"}
,"C:\\Users\\z270\\ZephyrApp\\src\\pages\\Connexion\\Connexion.jsx": {"path":"C:\\Users\\z270\\ZephyrApp\\src\\pages\\Connexion\\Connexion.jsx","statementMap":{"0":{"start":{"line":8,"column":18},"end":{"line":80,"column":1}},"1":{"start":{"line":9,"column":28},"end":{"line":9,"column":40}},"2":{"start":{"line":10,"column":34},"end":{"line":10,"column":46}},"3":{"start":{"line":11,"column":36},"end":{"line":11,"column":51}},"4":{"start":{"line":12,"column":42},"end":{"line":12,"column":54}},"5":{"start":{"line":13,"column":20},"end":{"line":13,"column":43}},"6":{"start":{"line":14,"column":19},"end":{"line":14,"column":32}},"7":{"start":{"line":16,"column":23},"end":{"line":39,"column":3}},"8":{"start":{"line":17,"column":4},"end":{"line":17,"column":23}},"9":{"start":{"line":18,"column":4},"end":{"line":18,"column":23}},"10":{"start":{"line":19,"column":4},"end":{"line":19,"column":24}},"11":{"start":{"line":21,"column":4},"end":{"line":26,"column":5}},"12":{"start":{"line":22,"column":6},"end":{"line":22,"column":55}},"13":{"start":{"line":23,"column":6},"end":{"line":23,"column":51}},"14":{"start":{"line":24,"column":6},"end":{"line":24,"column":26}},"15":{"start":{"line":25,"column":6},"end":{"line":25,"column":13}},"16":{"start":{"line":28,"column":4},"end":{"line":38,"column":5}},"17":{"start":{"line":29,"column":23},"end":{"line":29,"column":95}},"18":{"start":{"line":30,"column":6},"end":{"line":30,"column":32}},"19":{"start":{"line":31,"column":6},"end":{"line":31,"column":69}},"20":{"start":{"line":32,"column":6},"end":{"line":32,"column":30}},"21":{"start":{"line":34,"column":6},"end":{"line":34,"column":83}},"22":{"start":{"line":35,"column":6},"end":{"line":35,"column":79}},"23":{"start":{"line":37,"column":6},"end":{"line":37,"column":26}},"24":{"start":{"line":41,"column":2},"end":{"line":79,"column":4}},"25":{"start":{"line":53,"column":31},"end":{"line":53,"column":55}},"26":{"start":{"line":64,"column":31},"end":{"line":64,"column":58}}},"fnMap":{"0":{"name":"(anonymous_0)","decl":{"start":{"line":8,"column":18},"end":{"line":8,"column":19}},"loc":{"start":{"line":8,"column":24},"end":{"line":80,"column":1}},"line":8},"1":{"name":"(anonymous_1)","decl":{"start":{"line":16,"column":23},"end":{"line":16,"column":24}},"loc":{"start":{"line":16,"column":36},"end":{"line":39,"column":3}},"line":16},"2":{"name":"(anonymous_2)","decl":{"start":{"line":53,"column":24},"end":{"line":53,"column":25}},"loc":{"start":{"line":53,"column":31},"end":{"line":53,"column":55}},"line":53},"3":{"name":"(anonymous_3)","decl":{"start":{"line":64,"column":24},"end":{"line":64,"column":25}},"loc":{"start":{"line":64,"column":31},"end":{"line":64,"column":58}},"line":64}},"branchMap":{"0":{"loc":{"start":{"line":21,"column":4},"end":{"line":26,"column":5}},"type":"if","locations":[{"start":{"line":21,"column":4},"end":{"line":26,"column":5}},{"start":{},"end":{}}],"line":21},"1":{"loc":{"start":{"line":21,"column":8},"end":{"line":21,"column":27}},"type":"binary-expr","locations":[{"start":{"line":21,"column":8},"end":{"line":21,"column":14}},{"start":{"line":21,"column":18},"end":{"line":21,"column":27}}],"line":21},"2":{"loc":{"start":{"line":68,"column":11},"end":{"line":72,"column":11}},"type":"binary-expr","locations":[{"start":{"line":68,"column":11},"end":{"line":68,"column":23}},{"start":{"line":69,"column":12},"end":{"line":71,"column":18}}],"line":68},"3":{"loc":{"start":{"line":74,"column":13},"end":{"line":74,"column":65}},"type":"cond-expr","locations":[{"start":{"line":74,"column":25},"end":{"line":74,"column":48}},{"start":{"line":74,"column":51},"end":{"line":74,"column":65}}],"line":74}},"s":{"0":1,"1":16,"2":16,"3":16,"4":16,"5":16,"6":16,"7":16,"8":3,"9":3,"10":3,"11":3,"12":0,"13":0,"14":0,"15":0,"16":3,"17":3,"18":1,"19":1,"20":1,"21":1,"22":1,"23":2,"24":16,"25":3,"26":3},"f":{"0":16,"1":3,"2":3,"3":3},"b":{"0":[0,3],"1":[3,3],"2":[16,1],"3":[3,13]},"_coverageSchema":"1a1c01bbd47fc00a2c39e90264f33305004495a9","hash":"28592d042c299fea5947267fa667090ff65911a3"}
,"C:\\Users\\z270\\ZephyrApp\\src\\pages\\Inscription\\Inscription.jsx": {"path":"C:\\Users\\z270\\ZephyrApp\\src\\pages\\Inscription\\Inscription.jsx","statementMap":{"0":{"start":{"line":9,"column":34},"end":{"line":9,"column":46}},"1":{"start":{"line":10,"column":28},"end":{"line":10,"column":40}},"2":{"start":{"line":11,"column":34},"end":{"line":11,"column":46}},"3":{"start":{"line":12,"column":36},"end":{"line":12,"column":51}},"4":{"start":{"line":13,"column":19},"end":{"line":13,"column":32}},"5":{"start":{"line":15,"column":23},"end":{"line":36,"column":3}},"6":{"start":{"line":16,"column":4},"end":{"line":16,"column":23}},"7":{"start":{"line":17,"column":4},"end":{"line":17,"column":23}},"8":{"start":{"line":19,"column":4},"end":{"line":35,"column":5}},"9":{"start":{"line":20,"column":6},"end":{"line":24,"column":9}},"10":{"start":{"line":26,"column":6},"end":{"line":26,"column":88}},"11":{"start":{"line":29,"column":6},"end":{"line":29,"column":29}},"12":{"start":{"line":31,"column":6},"end":{"line":31,"column":25}},"13":{"start":{"line":32,"column":6},"end":{"line":32,"column":74}},"14":{"start":{"line":34,"column":6},"end":{"line":34,"column":26}},"15":{"start":{"line":38,"column":2},"end":{"line":77,"column":4}},"16":{"start":{"line":47,"column":29},"end":{"line":47,"column":56}},"17":{"start":{"line":57,"column":29},"end":{"line":57,"column":53}},"18":{"start":{"line":67,"column":29},"end":{"line":67,"column":56}}},"fnMap":{"0":{"name":"Inscription","decl":{"start":{"line":8,"column":9},"end":{"line":8,"column":20}},"loc":{"start":{"line":8,"column":23},"end":{"line":78,"column":1}},"line":8},"1":{"name":"(anonymous_1)","decl":{"start":{"line":15,"column":23},"end":{"line":15,"column":24}},"loc":{"start":{"line":15,"column":36},"end":{"line":36,"column":3}},"line":15},"2":{"name":"(anonymous_2)","decl":{"start":{"line":47,"column":22},"end":{"line":47,"column":23}},"loc":{"start":{"line":47,"column":29},"end":{"line":47,"column":56}},"line":47},"3":{"name":"(anonymous_3)","decl":{"start":{"line":57,"column":22},"end":{"line":57,"column":23}},"loc":{"start":{"line":57,"column":29},"end":{"line":57,"column":53}},"line":57},"4":{"name":"(anonymous_4)","decl":{"start":{"line":67,"column":22},"end":{"line":67,"column":23}},"loc":{"start":{"line":67,"column":29},"end":{"line":67,"column":56}},"line":67}},"branchMap":{"0":{"loc":{"start":{"line":73,"column":11},"end":{"line":73,"column":64}},"type":"cond-expr","locations":[{"start":{"line":73,"column":23},"end":{"line":73,"column":48}},{"start":{"line":73,"column":51},"end":{"line":73,"column":64}}],"line":73}},"s":{"0":19,"1":19,"2":19,"3":19,"4":19,"5":19,"6":3,"7":3,"8":3,"9":3,"10":2,"11":2,"12":1,"13":1,"14":3,"15":19,"16":3,"17":3,"18":3},"f":{"0":19,"1":3,"2":3,"3":3,"4":3},"b":{"0":[3,16]},"_coverageSchema":"1a1c01bbd47fc00a2c39e90264f33305004495a9","hash":"eacf5af3652ee9052b6a2d20c50c4213dfa9fbd4"}
,"C:\\Users\\z270\\ZephyrApp\\src\\pages\\MapPage\\MapPage.jsx": {"path":"C:\\Users\\z270\\ZephyrApp\\src\\pages\\MapPage\\MapPage.jsx","statementMap":{"0":{"start":{"line":4,"column":2},"end":{"line":10,"column":4}}},"fnMap":{"0":{"name":"MapPage","decl":{"start":{"line":3,"column":9},"end":{"line":3,"column":16}},"loc":{"start":{"line":3,"column":19},"end":{"line":11,"column":1}},"line":3}},"branchMap":{},"s":{"0":1},"f":{"0":1},"b":{},"_coverageSchema":"1a1c01bbd47fc00a2c39e90264f33305004495a9","hash":"d1000145c5f14c56daaf702b1e90f864a2ea7f44"}
,"C:\\Users\\z270\\ZephyrApp\\src\\pages\\MonProfil\\MonProfil.jsx": {"path":"C:\\Users\\z270\\ZephyrApp\\src\\pages\\MonProfil\\MonProfil.jsx","statementMap":{"0":{"start":{"line":10,"column":36},"end":{"line":10,"column":59}},"1":{"start":{"line":11,"column":19},"end":{"line":11,"column":32}},"2":{"start":{"line":12,"column":26},"end":{"line":12,"column":52}},"3":{"start":{"line":13,"column":28},"end":{"line":13,"column":55}},"4":{"start":{"line":14,"column":36},"end":{"line":14,"column":51}},"5":{"start":{"line":16,"column":23},"end":{"line":36,"column":3}},"6":{"start":{"line":17,"column":4},"end":{"line":17,"column":23}},"7":{"start":{"line":18,"column":4},"end":{"line":18,"column":23}},"8":{"start":{"line":20,"column":4},"end":{"line":24,"column":5}},"9":{"start":{"line":21,"column":6},"end":{"line":21,"column":57}},"10":{"start":{"line":22,"column":6},"end":{"line":22,"column":26}},"11":{"start":{"line":23,"column":6},"end":{"line":23,"column":13}},"12":{"start":{"line":26,"column":4},"end":{"line":35,"column":5}},"13":{"start":{"line":27,"column":23},"end":{"line":27,"column":101}},"14":{"start":{"line":28,"column":6},"end":{"line":28,"column":34}},"15":{"start":{"line":29,"column":6},"end":{"line":29,"column":65}},"16":{"start":{"line":31,"column":6},"end":{"line":31,"column":54}},"17":{"start":{"line":32,"column":6},"end":{"line":32,"column":54}},"18":{"start":{"line":34,"column":6},"end":{"line":34,"column":26}},"19":{"start":{"line":38,"column":23},"end":{"line":42,"column":3}},"20":{"start":{"line":39,"column":4},"end":{"line":39,"column":13}},"21":{"start":{"line":40,"column":4},"end":{"line":40,"column":42}},"22":{"start":{"line":41,"column":4},"end":{"line":41,"column":18}},"23":{"start":{"line":44,"column":2},"end":{"line":46,"column":3}},"24":{"start":{"line":45,"column":4},"end":{"line":45,"column":59}},"25":{"start":{"line":48,"column":2},"end":{"line":82,"column":4}},"26":{"start":{"line":59,"column":31},"end":{"line":59,"column":54}},"27":{"start":{"line":69,"column":31},"end":{"line":69,"column":55}}},"fnMap":{"0":{"name":"MonProfil","decl":{"start":{"line":9,"column":9},"end":{"line":9,"column":18}},"loc":{"start":{"line":9,"column":21},"end":{"line":83,"column":1}},"line":9},"1":{"name":"(anonymous_1)","decl":{"start":{"line":16,"column":23},"end":{"line":16,"column":24}},"loc":{"start":{"line":16,"column":36},"end":{"line":36,"column":3}},"line":16},"2":{"name":"(anonymous_2)","decl":{"start":{"line":38,"column":23},"end":{"line":38,"column":24}},"loc":{"start":{"line":38,"column":29},"end":{"line":42,"column":3}},"line":38},"3":{"name":"(anonymous_3)","decl":{"start":{"line":59,"column":24},"end":{"line":59,"column":25}},"loc":{"start":{"line":59,"column":31},"end":{"line":59,"column":54}},"line":59},"4":{"name":"(anonymous_4)","decl":{"start":{"line":69,"column":24},"end":{"line":69,"column":25}},"loc":{"start":{"line":69,"column":31},"end":{"line":69,"column":55}},"line":69}},"branchMap":{"0":{"loc":{"start":{"line":12,"column":35},"end":{"line":12,"column":51}},"type":"binary-expr","locations":[{"start":{"line":12,"column":35},"end":{"line":12,"column":45}},{"start":{"line":12,"column":49},"end":{"line":12,"column":51}}],"line":12},"1":{"loc":{"start":{"line":13,"column":37},"end":{"line":13,"column":54}},"type":"binary-expr","locations":[{"start":{"line":13,"column":37},"end":{"line":13,"column":48}},{"start":{"line":13,"column":52},"end":{"line":13,"column":54}}],"line":13},"2":{"loc":{"start":{"line":20,"column":4},"end":{"line":24,"column":5}},"type":"if","locations":[{"start":{"line":20,"column":4},"end":{"line":24,"column":5}},{"start":{},"end":{}}],"line":20},"3":{"loc":{"start":{"line":20,"column":8},"end":{"line":20,"column":23}},"type":"binary-expr","locations":[{"start":{"line":20,"column":8},"end":{"line":20,"column":13}},{"start":{"line":20,"column":17},"end":{"line":20,"column":23}}],"line":20},"4":{"loc":{"start":{"line":44,"column":2},"end":{"line":46,"column":3}},"type":"if","locations":[{"start":{"line":44,"column":2},"end":{"line":46,"column":3}},{"start":{},"end":{}}],"line":44},"5":{"loc":{"start":{"line":74,"column":13},"end":{"line":74,"column":59}},"type":"cond-expr","locations":[{"start":{"line":74,"column":25},"end":{"line":74,"column":41}},{"start":{"line":74,"column":44},"end":{"line":74,"column":59}}],"line":74}},"s":{"0":9,"1":9,"2":9,"3":9,"4":9,"5":9,"6":2,"7":2,"8":2,"9":0,"10":0,"11":0,"12":2,"13":2,"14":1,"15":1,"16":0,"17":0,"18":1,"19":9,"20":1,"21":1,"22":1,"23":9,"24":0,"25":9,"26":1,"27":1},"f":{"0":9,"1":2,"2":1,"3":1,"4":1},"b":{"0":[9,0],"1":[9,0],"2":[0,2],"3":[2,2],"4":[0,9],"5":[2,7]},"_coverageSchema":"1a1c01bbd47fc00a2c39e90264f33305004495a9","hash":"260d5f375f006022ad2ebfe870745daa637ae58e"}
}
