TN:
SF:src\components\SearchInput\SearchInput.jsx
FN:4,SearchInput
FN:11,(anonymous_1)
FNF:2
FNH:2
FNDA:3,SearchInput
FNDA:1,(anonymous_1)
DA:5,3
DA:11,1
LF:2
LH:2
BRF:0
BRH:0
end_of_record
TN:
SF:src\components\WeatherCard\WeatherCard.jsx
FN:4,WeatherCard
FNF:1
FNH:1
FNDA:3,WeatherCard
DA:5,3
DA:6,1
DA:9,2
DA:10,2
DA:11,2
DA:12,2
DA:14,2
LF:7
LH:7
BRDA:5,0,0,1
BRDA:5,0,1,2
BRDA:9,1,0,2
BRDA:9,1,1,0
BRDA:10,2,0,2
BRDA:10,2,1,1
BRDA:11,3,0,1
BRDA:11,3,1,1
BRDA:12,4,0,2
BRDA:12,4,1,0
BRF:10
BRH:8
end_of_record
TN:
SF:src\pages\MapPage\MapPage.jsx
FN:3,MapPage
FNF:1
FNH:1
FNDA:1,MapPage
DA:4,1
LF:1
LH:1
BRF:0
BRH:0
end_of_record
