TN:
SF:src\components\Common\NavBar\NavBar.jsx
FN:8,NavBar
FN:12,(anonymous_1)
FNF:2
FNH:2
FNDA:6,NavBar
FNDA:1,(anonymous_1)
DA:9,6
DA:10,6
DA:12,6
DA:13,1
DA:14,1
DA:17,6
LF:6
LH:6
BRDA:23,0,0,3
BRDA:23,0,1,3
BRDA:43,1,0,3
BRDA:43,1,1,1
BRF:4
BRH:4
end_of_record
TN:
SF:src\context\AuthContext.jsx
FN:6,(anonymous_0)
FN:7,(anonymous_1)
FN:12,(anonymous_2)
FN:17,(anonymous_3)
FN:23,(anonymous_4)
FN:24,(anonymous_5)
FN:34,(anonymous_6)
FN:45,(anonymous_7)
FNF:8
FNH:1
FNDA:0,(anonymous_0)
FNDA:0,(anonymous_1)
FNDA:0,(anonymous_2)
FNDA:0,(anonymous_3)
FNDA:0,(anonymous_4)
FNDA:0,(anonymous_5)
FNDA:0,(anonymous_6)
FNDA:6,(anonymous_7)
DA:4,1
DA:6,1
DA:7,0
DA:8,0
DA:9,0
DA:12,0
DA:13,0
DA:14,0
DA:17,0
DA:18,0
DA:19,0
DA:23,0
DA:24,0
DA:25,0
DA:26,0
DA:27,0
DA:29,0
DA:33,0
DA:34,0
DA:37,0
DA:45,1
DA:46,6
DA:47,6
DA:48,0
DA:50,6
LF:25
LH:6
BRDA:9,0,0,0
BRDA:9,0,1,0
BRDA:26,1,0,0
BRDA:26,1,1,0
BRDA:47,2,0,0
BRDA:47,2,1,6
BRF:6
BRH:1
end_of_record
